0 info it worked if it ends with ok
1 verbose cli [ '/usr/local/bin/node',
1 verbose cli   '/usr/local/bin/npm',
1 verbose cli   'install',
1 verbose cli   '-g',
1 verbose cli   'bower' ]
2 info using npm@3.9.3
3 info using node@v5.9.0
4 silly loadCurrentTree Starting
5 silly install loadCurrentTree
6 silly install readGlobalPackageData
7 silly fetchPackageMetaData bower
8 silly fetchNamedPackageData bower
9 silly mapToRegistry name bower
10 silly mapToRegistry using default registry
11 silly mapToRegistry registry https://registry.npmjs.org/
12 silly mapToRegistry data Result {
12 silly mapToRegistry   raw: 'bower',
12 silly mapToRegistry   scope: null,
12 silly mapToRegistry   name: 'bower',
12 silly mapToRegistry   rawSpec: '',
12 silly mapToRegistry   spec: 'latest',
12 silly mapToRegistry   type: 'tag' }
13 silly mapToRegistry uri https://registry.npmjs.org/bower
14 verbose request uri https://registry.npmjs.org/bower
15 verbose request no auth needed
16 info attempt registry request try #1 at 9:18:01 AM
17 verbose request using bearer token for auth
18 verbose request id bce7b5d8a287ddc5
19 http request GET https://registry.npmjs.org/bower
20 http 200 https://registry.npmjs.org/bower
21 verbose headers { server: 'CouchDB/1.5.0 (Erlang OTP/R16B03)',
21 verbose headers   etag: '"C1PMADPXS6FKRYKFV1QTH8YN1"',
21 verbose headers   'content-type': 'application/json',
21 verbose headers   'content-encoding': 'gzip',
21 verbose headers   'cache-control': 'max-age=300',
21 verbose headers   'transfer-encoding': 'chunked',
21 verbose headers   'accept-ranges': 'bytes',
21 verbose headers   date: 'Mon, 20 Jun 2016 23:18:04 GMT',
21 verbose headers   via: '1.1 varnish',
21 verbose headers   connection: 'keep-alive',
21 verbose headers   'x-served-by': 'cache-syd1623-SYD',
21 verbose headers   'x-cache': 'MISS',
21 verbose headers   'x-cache-hits': '0',
21 verbose headers   'x-timer': 'S1466464684.164007,VS0,VE272',
21 verbose headers   vary: 'Accept-Encoding' }
22 silly get cb [ 200,
22 silly get   { server: 'CouchDB/1.5.0 (Erlang OTP/R16B03)',
22 silly get     etag: '"C1PMADPXS6FKRYKFV1QTH8YN1"',
22 silly get     'content-type': 'application/json',
22 silly get     'content-encoding': 'gzip',
22 silly get     'cache-control': 'max-age=300',
22 silly get     'transfer-encoding': 'chunked',
22 silly get     'accept-ranges': 'bytes',
22 silly get     date: 'Mon, 20 Jun 2016 23:18:04 GMT',
22 silly get     via: '1.1 varnish',
22 silly get     connection: 'keep-alive',
22 silly get     'x-served-by': 'cache-syd1623-SYD',
22 silly get     'x-cache': 'MISS',
22 silly get     'x-cache-hits': '0',
22 silly get     'x-timer': 'S1466464684.164007,VS0,VE272',
22 silly get     vary: 'Accept-Encoding' } ]
23 verbose get saving bower to /Users/nclifton/.npm/registry.npmjs.org/bower/.cache.json
24 verbose correctMkdir /Users/nclifton/.npm correctMkdir not in flight; initializing
25 silly install normalizeTree
26 silly loadCurrentTree Finishing
27 silly loadIdealTree Starting
28 silly install loadIdealTree
29 silly cloneCurrentTree Starting
30 silly install cloneCurrentTreeToIdealTree
31 silly cloneCurrentTree Finishing
32 silly loadShrinkwrap Starting
33 silly install loadShrinkwrap
34 silly loadShrinkwrap Finishing
35 silly loadAllDepsIntoIdealTree Starting
36 silly install loadAllDepsIntoIdealTree
37 silly resolveWithNewModule bower@1.7.9 checking installable status
38 silly cache add args [ 'bower', null ]
39 verbose cache add spec bower
40 silly cache add parsed spec Result {
40 silly cache add   raw: 'bower',
40 silly cache add   scope: null,
40 silly cache add   name: 'bower',
40 silly cache add   rawSpec: '',
40 silly cache add   spec: 'latest',
40 silly cache add   type: 'tag' }
41 silly addNamed bower@latest
42 verbose addNamed "latest" is being treated as a dist-tag for bower
43 info addNameTag [ 'bower', 'latest' ]
44 silly mapToRegistry name bower
45 silly mapToRegistry using default registry
46 silly mapToRegistry registry https://registry.npmjs.org/
47 silly mapToRegistry data Result {
47 silly mapToRegistry   raw: 'bower',
47 silly mapToRegistry   scope: null,
47 silly mapToRegistry   name: 'bower',
47 silly mapToRegistry   rawSpec: '',
47 silly mapToRegistry   spec: 'latest',
47 silly mapToRegistry   type: 'tag' }
48 silly mapToRegistry uri https://registry.npmjs.org/bower
49 verbose addNameTag registry:https://registry.npmjs.org/bower not in flight; fetching
50 verbose get https://registry.npmjs.org/bower not expired, no request
51 silly addNameTag next cb for bower with tag latest
52 silly addNamed bower@1.7.9
53 verbose addNamed "1.7.9" is a plain semver version for bower
54 silly mapToRegistry name bower
55 silly mapToRegistry using default registry
56 silly mapToRegistry registry https://registry.npmjs.org/
57 silly mapToRegistry data Result {
57 silly mapToRegistry   raw: 'bower',
57 silly mapToRegistry   scope: null,
57 silly mapToRegistry   name: 'bower',
57 silly mapToRegistry   rawSpec: '',
57 silly mapToRegistry   spec: 'latest',
57 silly mapToRegistry   type: 'tag' }
58 silly mapToRegistry uri https://registry.npmjs.org/bower
59 verbose addRemoteTarball https://registry.npmjs.org/bower/-/bower-1.7.9.tgz not in flight; adding
60 verbose addRemoteTarball [ 'https://registry.npmjs.org/bower/-/bower-1.7.9.tgz',
60 verbose addRemoteTarball   'b7296c2393e0d75edaa6ca39648132dd255812b0' ]
61 info retry fetch attempt 1 at 9:18:04 AM
62 info attempt registry request try #1 at 9:18:04 AM
63 http fetch GET https://registry.npmjs.org/bower/-/bower-1.7.9.tgz
64 verbose request using bearer token for auth
65 http fetch 200 https://registry.npmjs.org/bower/-/bower-1.7.9.tgz
66 silly fetchAndShaCheck shasum b7296c2393e0d75edaa6ca39648132dd255812b0
67 verbose addTmpTarball /var/folders/1c/6l03hzvd019_h4j8rz8y4_7m0000gn/T/npm-35430-c3f76b51/registry.npmjs.org/bower/-/bower-1.7.9.tgz not in flight; adding
68 verbose addTmpTarball already have metadata; skipping unpack for bower@1.7.9
69 verbose correctMkdir /Users/nclifton/.npm correctMkdir not in flight; initializing
70 silly cache afterAdd bower@1.7.9
71 verbose afterAdd /Users/nclifton/.npm/bower/1.7.9/package/package.json not in flight; writing
72 verbose correctMkdir /Users/nclifton/.npm correctMkdir not in flight; initializing
73 verbose afterAdd /Users/nclifton/.npm/bower/1.7.9/package/package.json written
74 silly loadAllDepsIntoIdealTree Finishing
75 silly idealTree:prePrune lib
75 silly idealTree:prePrune `-- bower@1.7.9
76 silly loadIdealTree Finishing
77 silly currentTree lib
78 silly idealTree lib
78 silly idealTree `-- bower@1.7.9
79 silly generateActionsToTake Starting
80 silly install generateActionsToTake
81 warn checkPermissions Missing write access to /usr/local/lib/node_modules
82 silly rollbackFailedOptional Starting
83 silly rollbackFailedOptional Finishing
84 silly runTopLevelLifecycles Starting
85 silly runTopLevelLifecycles Finishing
86 silly install printInstalled
87 verbose stack Error: EACCES: permission denied, access '/usr/local/lib/node_modules'
87 verbose stack     at Error (native)
88 verbose cwd /Users/nclifton/git/TruckerTracker
89 error Darwin 15.5.0
90 error argv "/usr/local/bin/node" "/usr/local/bin/npm" "install" "-g" "bower"
91 error node v5.9.0
92 error npm  v3.9.3
93 error path /usr/local/lib/node_modules
94 error code EACCES
95 error errno -13
96 error syscall access
97 error Error: EACCES: permission denied, access '/usr/local/lib/node_modules'
97 error     at Error (native)
97 error  { [Error: EACCES: permission denied, access '/usr/local/lib/node_modules']
97 error   errno: -13,
97 error   code: 'EACCES',
97 error   syscall: 'access',
97 error   path: '/usr/local/lib/node_modules' }
98 error Please try running this command again as root/Administrator.
99 verbose exit [ -13, true ]
